build/app/intermediates/manifest_merge_blame_file/debug/manifest-merger-blame-debug-report.txt
1<?xml version="1.0" encoding="utf-8"?>
2<manifest xmlns:android="http://schemas.android.com/apk/res/android"
3    package="com.example.netflix_clone_app"
4    android:versionCode="1"
5    android:versionName="1.0.0" >
6
7    <uses-sdk
8        android:minSdkVersion="21"
9        android:targetSdkVersion="31" />
10    <!--
11         The INTERNET permission is required for development. Specifically,
12         the Flutter tool needs it to communicate with the running application
13         to allow setting breakpoints, to provide hot reload, etc.
14    -->
15    <uses-permission android:name="android.permission.INTERNET" />
15-->src\debug\AndroidManifest.xml:7:5-66
15-->src\debug\AndroidManifest.xml:7:22-64
16    <!-- Although the *SdkVersion is captured in gradle build files, this is required for non gradle builds -->
17    <!-- <uses-sdk android:minSdkVersion="14" /> -->
18    <uses-permission android:name="android.permission.ACCESS_NETWORK_STATE" />
18-->[com.google.firebase:firebase-firestore:24.3.1] AndroidManifest.xml:13:5-79
18-->[com.google.firebase:firebase-firestore:24.3.1] AndroidManifest.xml:13:22-76
19    <uses-permission android:name="android.permission.WAKE_LOCK" />
19-->[com.google.android.gms:play-services-measurement-api:21.1.1] AndroidManifest.xml:24:5-68
19-->[com.google.android.gms:play-services-measurement-api:21.1.1] AndroidManifest.xml:24:22-65
20    <uses-permission android:name="com.google.android.gms.permission.AD_ID" />
20-->[com.google.android.gms:play-services-measurement-api:21.1.1] AndroidManifest.xml:25:5-79
20-->[com.google.android.gms:play-services-measurement-api:21.1.1] AndroidManifest.xml:25:22-76
21    <uses-permission android:name="com.google.android.finsky.permission.BIND_GET_INSTALL_REFERRER_SERVICE" />
21-->[com.google.android.gms:play-services-measurement:21.1.1] AndroidManifest.xml:26:5-110
21-->[com.google.android.gms:play-services-measurement:21.1.1] AndroidManifest.xml:26:22-107
22
23    <application
24        android:name="android.app.Application"
25        android:appComponentFactory="androidx.core.app.CoreComponentFactory"
25-->[androidx.core:core:1.6.0] AndroidManifest.xml:24:18-86
26        android:debuggable="true"
27        android:icon="@mipmap/ic_launcher"
28        android:label="netflix_clone_app" >
29        <activity
30            android:name="com.example.netflix_clone_app.MainActivity"
31            android:configChanges="orientation|keyboardHidden|keyboard|screenSize|smallestScreenSize|locale|layoutDirection|fontScale|screenLayout|density|uiMode"
32            android:exported="true"
33            android:hardwareAccelerated="true"
34            android:launchMode="singleTop"
35            android:theme="@style/LaunchTheme"
36            android:windowSoftInputMode="adjustResize" >
37
38            <!--
39                 Specifies an Android theme to apply to this Activity as soon as
40                 the Android process has started. This theme is visible to the user
41                 while the Flutter UI initializes. After that, this theme continues
42                 to determine the Window background behind the Flutter UI.
43            -->
44            <meta-data
45                android:name="io.flutter.embedding.android.NormalTheme"
46                android:resource="@style/NormalTheme" />
47
48            <intent-filter>
49                <action android:name="android.intent.action.MAIN" />
50
51                <category android:name="android.intent.category.LAUNCHER" />
52            </intent-filter>
53        </activity>
54        <!--
55             Don't delete the meta-data below.
56             This is used by the Flutter tool to generate GeneratedPluginRegistrant.java
57        -->
58        <meta-data
59            android:name="flutterEmbedding"
60            android:value="2" />
61
62        <service
62-->[:cloud_firestore] AndroidManifest.xml:10:9-14:19
63            android:name="com.google.firebase.components.ComponentDiscoveryService"
63-->[:cloud_firestore] AndroidManifest.xml:10:18-89
64            android:directBootAware="true"
64-->[com.google.firebase:firebase-common:20.1.2] AndroidManifest.xml:35:13-43
65            android:exported="false" >
65-->[com.google.firebase:firebase-firestore:24.3.1] AndroidManifest.xml:19:13-37
66            <meta-data
66-->[:cloud_firestore] AndroidManifest.xml:11:13-13:85
67                android:name="com.google.firebase.components:io.flutter.plugins.firebase.firestore.FlutterFirebaseFirestoreRegistrar"
67-->[:cloud_firestore] AndroidManifest.xml:12:17-134
68                android:value="com.google.firebase.components.ComponentRegistrar" />
68-->[:cloud_firestore] AndroidManifest.xml:13:17-82
69            <meta-data
69-->[:firebase_core] AndroidManifest.xml:11:13-13:85
70                android:name="com.google.firebase.components:io.flutter.plugins.firebase.core.FlutterFirebaseCoreRegistrar"
70-->[:firebase_core] AndroidManifest.xml:12:17-124
71                android:value="com.google.firebase.components.ComponentRegistrar" />
71-->[:firebase_core] AndroidManifest.xml:13:17-82
72            <meta-data
72-->[com.google.firebase:firebase-firestore:24.3.1] AndroidManifest.xml:20:13-22:85
73                android:name="com.google.firebase.components:com.google.firebase.firestore.FirestoreRegistrar"
73-->[com.google.firebase:firebase-firestore:24.3.1] AndroidManifest.xml:21:17-111
74                android:value="com.google.firebase.components.ComponentRegistrar" />
74-->[com.google.firebase:firebase-firestore:24.3.1] AndroidManifest.xml:22:17-82
75            <meta-data
75-->[com.google.android.gms:play-services-measurement-api:21.1.1] AndroidManifest.xml:31:13-33:85
76                android:name="com.google.firebase.components:com.google.firebase.analytics.connector.internal.AnalyticsConnectorRegistrar"
76-->[com.google.android.gms:play-services-measurement-api:21.1.1] AndroidManifest.xml:32:17-139
77                android:value="com.google.firebase.components.ComponentRegistrar" />
77-->[com.google.android.gms:play-services-measurement-api:21.1.1] AndroidManifest.xml:33:17-82
78            <meta-data
78-->[com.google.firebase:firebase-installations:17.0.3] AndroidManifest.xml:18:13-20:85
79                android:name="com.google.firebase.components:com.google.firebase.installations.FirebaseInstallationsRegistrar"
79-->[com.google.firebase:firebase-installations:17.0.3] AndroidManifest.xml:19:17-127
80                android:value="com.google.firebase.components.ComponentRegistrar" />
80-->[com.google.firebase:firebase-installations:17.0.3] AndroidManifest.xml:20:17-82
81        </service>
82
83        <activity
83-->[:url_launcher_android] AndroidManifest.xml:10:9-13:74
84            android:name="io.flutter.plugins.urllauncher.WebViewActivity"
84-->[:url_launcher_android] AndroidManifest.xml:11:13-74
85            android:exported="false"
85-->[:url_launcher_android] AndroidManifest.xml:12:13-37
86            android:theme="@android:style/Theme.NoTitleBar.Fullscreen" />
86-->[:url_launcher_android] AndroidManifest.xml:13:13-71
87
88        <uses-library
88-->[androidx.window:window:1.0.0-beta04] AndroidManifest.xml:25:9-27:40
89            android:name="androidx.window.extensions"
89-->[androidx.window:window:1.0.0-beta04] AndroidManifest.xml:26:13-54
90            android:required="false" />
90-->[androidx.window:window:1.0.0-beta04] AndroidManifest.xml:27:13-37
91        <uses-library
91-->[androidx.window:window:1.0.0-beta04] AndroidManifest.xml:28:9-30:40
92            android:name="androidx.window.sidecar"
92-->[androidx.window:window:1.0.0-beta04] AndroidManifest.xml:29:13-51
93            android:required="false" />
93-->[androidx.window:window:1.0.0-beta04] AndroidManifest.xml:30:13-37
94
95        <provider
95-->[com.google.firebase:firebase-common:20.1.2] AndroidManifest.xml:26:9-31:39
96            android:name="com.google.firebase.provider.FirebaseInitProvider"
96-->[com.google.firebase:firebase-common:20.1.2] AndroidManifest.xml:27:13-77
97            android:authorities="com.example.netflix_clone_app.firebaseinitprovider"
97-->[com.google.firebase:firebase-common:20.1.2] AndroidManifest.xml:28:13-72
98            android:directBootAware="true"
98-->[com.google.firebase:firebase-common:20.1.2] AndroidManifest.xml:29:13-43
99            android:exported="false"
99-->[com.google.firebase:firebase-common:20.1.2] AndroidManifest.xml:30:13-37
100            android:initOrder="100" />
100-->[com.google.firebase:firebase-common:20.1.2] AndroidManifest.xml:31:13-36
101
102        <receiver
102-->[com.google.android.gms:play-services-measurement:21.1.1] AndroidManifest.xml:29:9-33:20
103            android:name="com.google.android.gms.measurement.AppMeasurementReceiver"
103-->[com.google.android.gms:play-services-measurement:21.1.1] AndroidManifest.xml:30:13-85
104            android:enabled="true"
104-->[com.google.android.gms:play-services-measurement:21.1.1] AndroidManifest.xml:31:13-35
105            android:exported="false" >
105-->[com.google.android.gms:play-services-measurement:21.1.1] AndroidManifest.xml:32:13-37
106        </receiver>
107
108        <service
108-->[com.google.android.gms:play-services-measurement:21.1.1] AndroidManifest.xml:35:9-38:40
109            android:name="com.google.android.gms.measurement.AppMeasurementService"
109-->[com.google.android.gms:play-services-measurement:21.1.1] AndroidManifest.xml:36:13-84
110            android:enabled="true"
110-->[com.google.android.gms:play-services-measurement:21.1.1] AndroidManifest.xml:37:13-35
111            android:exported="false" />
111-->[com.google.android.gms:play-services-measurement:21.1.1] AndroidManifest.xml:38:13-37
112        <service
112-->[com.google.android.gms:play-services-measurement:21.1.1] AndroidManifest.xml:39:9-43:72
113            android:name="com.google.android.gms.measurement.AppMeasurementJobService"
113-->[com.google.android.gms:play-services-measurement:21.1.1] AndroidManifest.xml:40:13-87
114            android:enabled="true"
114-->[com.google.android.gms:play-services-measurement:21.1.1] AndroidManifest.xml:41:13-35
115            android:exported="false"
115-->[com.google.android.gms:play-services-measurement:21.1.1] AndroidManifest.xml:42:13-37
116            android:permission="android.permission.BIND_JOB_SERVICE" />
116-->[com.google.android.gms:play-services-measurement:21.1.1] AndroidManifest.xml:43:13-69
117
118        <activity
118-->[com.google.android.gms:play-services-base:18.0.1] AndroidManifest.xml:20:9-22:45
119            android:name="com.google.android.gms.common.api.GoogleApiActivity"
119-->[com.google.android.gms:play-services-base:18.0.1] AndroidManifest.xml:20:19-85
120            android:exported="false"
120-->[com.google.android.gms:play-services-base:18.0.1] AndroidManifest.xml:22:19-43
121            android:theme="@android:style/Theme.Translucent.NoTitleBar" />
121-->[com.google.android.gms:play-services-base:18.0.1] AndroidManifest.xml:21:19-78
122
123        <meta-data
123-->[com.google.android.gms:play-services-basement:18.1.0] AndroidManifest.xml:21:9-23:69
124            android:name="com.google.android.gms.version"
124-->[com.google.android.gms:play-services-basement:18.1.0] AndroidManifest.xml:22:13-58
125            android:value="@integer/google_play_services_version" />
125-->[com.google.android.gms:play-services-basement:18.1.0] AndroidManifest.xml:23:13-66
126    </application>
127
128</manifest>